<?xml version="1.0" encoding="UTF-8"?>
<!-- Generated by org.testng.reporters.JUnitXMLReporter -->
<testsuite hostname="DESKTOP-52MG27T" ignored="3" name="component testing" tests="2" failures="0" timestamp="06 May 2020 14:49:41 GMT" time="0.015" errors="0">
  <testcase name="accept" time="0.0" classname="basics.Alerts"/>
  <testcase name="dismiss" time="0.0" classname="basics.Alerts"/>
  <testcase name="othersthird" time="0.0" classname="basics.Alerts">
    <ignored/>
  </testcase> <!-- othersthird -->
  <testcase name="others" time="0.0" classname="basics.Alerts">
    <ignored/>
  </testcase> <!-- others -->
  <testcase name="otherssecond" time="0.0" classname="basics.Alerts">
    <ignored/>
  </testcase> <!-- otherssecond -->
</testsuite> <!-- component testing -->
