<?xml version="1.0" encoding="UTF-8"?>
<!-- Generated by org.testng.reporters.JUnitXMLReporter -->
<testsuite hostname="DESKTOP-52MG27T" ignored="3" tests="0" failures="0" timestamp="07 May 2020 15:18:08 GMT" time="0.024" errors="0">
  <testcase name="othersthird" time="0.0" classname="basics.Alerts">
    <ignored/>
  </testcase> <!-- othersthird -->
  <testcase name="others" time="0.0" classname="basics.Alerts">
    <ignored/>
  </testcase> <!-- others -->
  <testcase name="otherssecond" time="0.0" classname="basics.Alerts">
    <ignored/>
  </testcase> <!-- otherssecond -->
</testsuite>
