<?xml version="1.0" encoding="UTF-8"?>
<!-- Generated by org.testng.reporters.JUnitXMLReporter -->
<testsuite hostname="DESKTOP-52MG27T" ignored="0" name="package testing" tests="9" failures="0" timestamp="06 May 2020 15:08:43 GMT" time="0.094" errors="0">
  <testcase name="accept" time="0.016" classname="basics.Alerts"/>
  <testcase name="dismiss" time="0.0" classname="basics.Alerts"/>
  <testcase name="others" time="0.0" classname="basics.Alerts"/>
  <testcase name="otherssecond" time="0.016" classname="basics.Alerts"/>
  <testcase name="othersthird" time="0.0" classname="basics.Alerts"/>
  <testcase name="method1" time="0.0" classname="basics.Login"/>
  <testcase name="method2" time="0.0" classname="basics.Login"/>
  <testcase name="method1" time="0.0" classname="basics.CheckBoxs"/>
  <testcase name="method2" time="0.0" classname="basics.CheckBoxs"/>
</testsuite> <!-- package testing -->
