<?xml version="1.0" encoding="UTF-8"?>
<!-- Generated by org.testng.reporters.JUnitXMLReporter -->
<testsuite hostname="DESKTOP-52MG27T" ignored="0" name="UI Testing" tests="4" failures="0" timestamp="06 May 2020 14:49:41 GMT" time="0.063" errors="0">
  <testcase name="method1" time="0.015" classname="basics.Login"/>
  <testcase name="method2" time="0.0" classname="basics.Login"/>
  <testcase name="method1" time="0.016" classname="basics.CheckBoxs"/>
  <testcase name="method2" time="0.0" classname="basics.CheckBoxs"/>
</testsuite> <!-- UI Testing -->
