<?xml version="1.0" encoding="UTF-8"?>
<!-- Generated by org.testng.reporters.JUnitXMLReporter -->
<testsuite hostname="DESKTOP-52MG27T" ignored="0" name="UI Testing" tests="5" failures="0" timestamp="07 May 2020 15:18:08 GMT" time="0.094" errors="0">
  <testcase name="method1" time="0.012" classname="basics.Login"/>
  <testcase name="method2" time="0.003" classname="basics.Login"/>
  <testcase name="method1" time="0.003" classname="basics.CheckBoxs"/>
  <testcase name="method4" time="0.004" classname="basics.CheckBoxs"/>
  <testcase name="method5" time="0.002" classname="basics.CheckBoxs"/>
</testsuite> <!-- UI Testing -->
