<?xml version="1.0" encoding="UTF-8"?>
<!-- Generated by org.testng.reporters.JUnitXMLReporter -->
<testsuite hostname="DESKTOP-52MG27T" ignored="0" name="Default test" tests="7" failures="0" timestamp="11 May 2020 06:38:55 GMT" time="0.08" errors="0">
  <testcase name="myTestB" time="0.017" classname="advancedTopics.DependsOnGroupsTestExample"/>
  <testcase name="myTestC" time="0.002" classname="advancedTopics.DependsOnGroupsTestExample"/>
  <testcase name="myTestB" time="0.003" classname="advancedTopics.DependsOnGroupsAndDependsOnMethodsTestExample"/>
  <testcase name="myTestD" time="0.001" classname="advancedTopics.DependsOnGroupsAndDependsOnMethodsTestExample"/>
  <testcase name="myTestC" time="0.002" classname="advancedTopics.DependsOnGroupsAndDependsOnMethodsTestExample"/>
  <testcase name="myTestA" time="0.002" classname="advancedTopics.DependsOnGroupsTestExample"/>
  <testcase name="myTestA" time="0.002" classname="advancedTopics.DependsOnGroupsAndDependsOnMethodsTestExample"/>
</testsuite> <!-- Default test -->
