<?xml version="1.0" encoding="UTF-8"?>
<!-- Generated by org.testng.reporters.JUnitXMLReporter -->
<testsuite hostname="DESKTOP-52MG27T" ignored="0" name="Default test" tests="6" failures="0" timestamp="07 May 2020 14:22:17 GMT" time="0.072" errors="0">
  <testcase name="Truck" time="0.014" classname="basics.Frames"/>
  <testcase name="bike" time="0.003" classname="basics.Frames"/>
  <testcase name="bike" time="0.002" classname="basics.Frames"/>
  <testcase name="bike" time="0.002" classname="basics.Frames"/>
  <testcase name="bus" time="0.003" classname="basics.Frames"/>
  <testcase name="car" time="0.001" classname="basics.Frames"/>
</testsuite> <!-- Default test -->
