<?xml version="1.0" encoding="UTF-8"?>
<!-- Generated by org.testng.reporters.JUnitXMLReporter -->
<testsuite hostname="DESKTOP-52MG27T" ignored="4" name=" Screen 2 Scenarios" tests="4" failures="0" timestamp="09 May 2020 13:44:02 GMT" time="0.055" errors="0">
  <testcase name="TestMethodOne" time="0.003" classname="annotations.TestOne"/>
  <testcase name="TestMethodTwo" time="0.004" classname="annotations.TestOne"/>
  <testcase name="TestMethodOne" time="0.008" classname="annotations.TestTwo"/>
  <testcase name="TestMethodTwo" time="0.004" classname="annotations.TestTwo"/>
  <testcase name="@BeforeTest myBeforeTest" time="0.0" classname="annotations.TestBase">
    <ignored/>
  </testcase> <!-- @BeforeTest myBeforeTest -->
  <testcase name="@AfterSuite myAfterSuite" time="0.0" classname="annotations.TestBase">
    <ignored/>
  </testcase> <!-- @AfterSuite myAfterSuite -->
  <testcase name="@BeforeSuite myBeforeSuite" time="0.0" classname="annotations.TestBase">
    <ignored/>
  </testcase> <!-- @BeforeSuite myBeforeSuite -->
  <testcase name="@AfterTest myAfterTest" time="0.0" classname="annotations.TestBase">
    <ignored/>
  </testcase> <!-- @AfterTest myAfterTest -->
</testsuite> <!--  Screen 2 Scenarios -->
