<?xml version="1.0" encoding="UTF-8"?>
<!-- Generated by org.testng.reporters.JUnitXMLReporter -->
<testsuite hostname="DESKTOP-52MG27T" ignored="0" name=" Screen 1 Scenarios" tests="2" failures="1" timestamp="09 May 2020 15:20:38 GMT" time="11.067" errors="0">
  <testcase name="myTest1" time="6.032" classname="asserstions.Timeout"/>
  <testcase name="myTest2" time="5.018" classname="asserstions.Timeout">
    <failure type="java.lang.ArrayIndexOutOfBoundsException" message="0">
      <![CDATA[java.lang.ArrayIndexOutOfBoundsException: 0
... Removed 22 stack frames]]>
    </failure>
  </testcase> <!-- myTest2 -->
</testsuite> <!--  Screen 1 Scenarios -->
