<?xml version="1.0" encoding="UTF-8"?>
<!-- Generated by org.testng.reporters.JUnitXMLReporter -->
<testsuite hostname="DESKTOP-52MG27T" ignored="5" name="Grouping Scenarios" tests="1" failures="0" timestamp="11 May 2020 07:20:58 GMT" time="0.045" errors="0">
  <testcase name="myTestB" time="0.015" classname="grouping.ExcludeGroupingExample"/>
  <testcase name="myTestE" time="0.0" classname="grouping.ExcludeGroupingExample">
    <ignored/>
  </testcase> <!-- myTestE -->
  <testcase name="myTestF" time="0.0" classname="grouping.ExcludeGroupingExample">
    <ignored/>
  </testcase> <!-- myTestF -->
  <testcase name="myTestC" time="0.0" classname="grouping.ExcludeGroupingExample">
    <ignored/>
  </testcase> <!-- myTestC -->
  <testcase name="myTestD" time="0.0" classname="grouping.ExcludeGroupingExample">
    <ignored/>
  </testcase> <!-- myTestD -->
  <testcase name="myTestA" time="0.0" classname="grouping.ExcludeGroupingExample">
    <ignored/>
  </testcase> <!-- myTestA -->
</testsuite> <!-- Grouping Scenarios -->
