<?xml version="1.0" encoding="UTF-8"?>
<!-- Generated by org.testng.reporters.JUnitXMLReporter -->
<testsuite hostname="DESKTOP-52MG27T" ignored="0" name="Parallel Classes Scenarios" tests="8" failures="0" timestamp="11 May 2020 09:15:23 GMT" time="0.098" errors="0">
  <testcase name="testCase1" time="0.018" classname="parallelExecution.ParallelClassesExample1"/>
  <testcase name="testCase5" time="0.018" classname="parallelExecution.ParallelClassesExample2"/>
  <testcase name="testCase6" time="0.004" classname="parallelExecution.ParallelClassesExample2"/>
  <testcase name="testCase2" time="0.005" classname="parallelExecution.ParallelClassesExample1"/>
  <testcase name="testCase7" time="0.005" classname="parallelExecution.ParallelClassesExample2"/>
  <testcase name="testCase3" time="0.003" classname="parallelExecution.ParallelClassesExample1"/>
  <testcase name="testCase8" time="0.002" classname="parallelExecution.ParallelClassesExample2"/>
  <testcase name="testCase4" time="0.007" classname="parallelExecution.ParallelClassesExample1"/>
</testsuite> <!-- Parallel Classes Scenarios -->
