<?xml version="1.0" encoding="UTF-8"?>
<testng-results skipped="0" failed="0" ignored="0" total="8" passed="8">
  <reporter-output>
  </reporter-output>
  <suite name="Paralle Classes Test Suite" duration-ms="98" started-at="2020-05-11T09:15:23Z" finished-at="2020-05-11T09:15:23Z">
    <groups>
    </groups>
    <test name="Parallel Classes Scenarios" duration-ms="98" started-at="2020-05-11T09:15:23Z" finished-at="2020-05-11T09:15:23Z">
      <class name="parallelExecution.ParallelClassesExample2">
        <test-method status="PASS" signature="testCase5()[pri:0, instance:parallelExecution.ParallelClassesExample2@643b1d11]" name="testCase5" duration-ms="18" started-at="2020-05-11T14:45:23Z" finished-at="2020-05-11T14:45:23Z">
          <reporter-output>
          </reporter-output>
        </test-method> <!-- testCase5 -->
        <test-method status="PASS" signature="testCase6()[pri:0, instance:parallelExecution.ParallelClassesExample2@643b1d11]" name="testCase6" duration-ms="4" started-at="2020-05-11T14:45:23Z" finished-at="2020-05-11T14:45:23Z">
          <reporter-output>
          </reporter-output>
        </test-method> <!-- testCase6 -->
        <test-method status="PASS" signature="testCase7()[pri:0, instance:parallelExecution.ParallelClassesExample2@643b1d11]" name="testCase7" duration-ms="5" started-at="2020-05-11T14:45:23Z" finished-at="2020-05-11T14:45:23Z">
          <reporter-output>
          </reporter-output>
        </test-method> <!-- testCase7 -->
        <test-method status="PASS" signature="testCase8()[pri:0, instance:parallelExecution.ParallelClassesExample2@643b1d11]" name="testCase8" duration-ms="2" started-at="2020-05-11T14:45:23Z" finished-at="2020-05-11T14:45:23Z">
          <reporter-output>
          </reporter-output>
        </test-method> <!-- testCase8 -->
      </class> <!-- parallelExecution.ParallelClassesExample2 -->
      <class name="parallelExecution.ParallelClassesExample1">
        <test-method status="PASS" signature="testCase1()[pri:0, instance:parallelExecution.ParallelClassesExample1@6cc4c815]" name="testCase1" duration-ms="18" started-at="2020-05-11T14:45:23Z" finished-at="2020-05-11T14:45:23Z">
          <reporter-output>
          </reporter-output>
        </test-method> <!-- testCase1 -->
        <test-method status="PASS" signature="testCase2()[pri:0, instance:parallelExecution.ParallelClassesExample1@6cc4c815]" name="testCase2" duration-ms="5" started-at="2020-05-11T14:45:23Z" finished-at="2020-05-11T14:45:23Z">
          <reporter-output>
          </reporter-output>
        </test-method> <!-- testCase2 -->
        <test-method status="PASS" signature="testCase3()[pri:0, instance:parallelExecution.ParallelClassesExample1@6cc4c815]" name="testCase3" duration-ms="3" started-at="2020-05-11T14:45:23Z" finished-at="2020-05-11T14:45:23Z">
          <reporter-output>
          </reporter-output>
        </test-method> <!-- testCase3 -->
        <test-method status="PASS" signature="testCase4()[pri:0, instance:parallelExecution.ParallelClassesExample1@6cc4c815]" name="testCase4" duration-ms="7" started-at="2020-05-11T14:45:23Z" finished-at="2020-05-11T14:45:23Z">
          <reporter-output>
          </reporter-output>
        </test-method> <!-- testCase4 -->
      </class> <!-- parallelExecution.ParallelClassesExample1 -->
    </test> <!-- Parallel Classes Scenarios -->
  </suite> <!-- Paralle Classes Test Suite -->
</testng-results>
