<?xml version="1.0" encoding="UTF-8"?>
<testng-results skipped="0" failed="0" ignored="3" total="8" passed="5">
  <reporter-output>
  </reporter-output>
  <suite name="unit testing" duration-ms="94" started-at="2020-05-07T15:18:08Z" finished-at="2020-05-07T15:18:08Z">
    <groups>
      <group name="smoke">
        <method signature="CheckBoxs.method1()[pri:0, instance:basics.CheckBoxs@9629756]" name="method1" class="basics.CheckBoxs"/>
        <method signature="Login.method1()[pri:0, instance:basics.Login@7f9a81e8]" name="method1" class="basics.Login"/>
      </group> <!-- smoke -->
    </groups>
    <test name="UI Testing" duration-ms="94" started-at="2020-05-07T15:18:08Z" finished-at="2020-05-07T15:18:08Z">
      <class name="basics.CheckBoxs">
        <test-method status="PASS" signature="method2()[pri:0, instance:basics.CheckBoxs@9629756]" name="method2" is-config="true" duration-ms="1" started-at="2020-05-07T20:48:08Z" finished-at="2020-05-07T20:48:08Z">
          <reporter-output>
          </reporter-output>
        </test-method> <!-- method2 -->
        <test-method status="PASS" signature="method1()[pri:0, instance:basics.CheckBoxs@9629756]" name="method1" duration-ms="3" started-at="2020-05-07T20:48:08Z" finished-at="2020-05-07T20:48:08Z">
          <reporter-output>
          </reporter-output>
        </test-method> <!-- method1 -->
        <test-method status="PASS" signature="method2()[pri:0, instance:basics.CheckBoxs@9629756]" name="method2" is-config="true" duration-ms="1" started-at="2020-05-07T20:48:08Z" finished-at="2020-05-07T20:48:08Z">
          <reporter-output>
          </reporter-output>
        </test-method> <!-- method2 -->
        <test-method status="PASS" signature="method4()[pri:0, instance:basics.CheckBoxs@9629756]" name="method4" duration-ms="4" started-at="2020-05-07T20:48:08Z" finished-at="2020-05-07T20:48:08Z">
          <reporter-output>
          </reporter-output>
        </test-method> <!-- method4 -->
        <test-method status="PASS" signature="method2()[pri:0, instance:basics.CheckBoxs@9629756]" name="method2" is-config="true" duration-ms="1" started-at="2020-05-07T20:48:08Z" finished-at="2020-05-07T20:48:08Z">
          <reporter-output>
          </reporter-output>
        </test-method> <!-- method2 -->
        <test-method status="PASS" signature="method5()[pri:0, instance:basics.CheckBoxs@9629756]" name="method5" duration-ms="2" started-at="2020-05-07T20:48:08Z" finished-at="2020-05-07T20:48:08Z">
          <reporter-output>
          </reporter-output>
        </test-method> <!-- method5 -->
      </class> <!-- basics.CheckBoxs -->
      <class name="basics.Login">
        <test-method status="PASS" signature="method1()[pri:0, instance:basics.Login@7f9a81e8]" name="method1" duration-ms="12" started-at="2020-05-07T20:48:08Z" finished-at="2020-05-07T20:48:08Z">
          <reporter-output>
          </reporter-output>
        </test-method> <!-- method1 -->
        <test-method status="PASS" signature="method2()[pri:0, instance:basics.Login@7f9a81e8]" name="method2" duration-ms="3" started-at="2020-05-07T20:48:08Z" finished-at="2020-05-07T20:48:08Z">
          <reporter-output>
          </reporter-output>
        </test-method> <!-- method2 -->
      </class> <!-- basics.Login -->
    </test> <!-- UI Testing -->
    <test name="component testing" duration-ms="24" started-at="2020-05-07T15:18:08Z" finished-at="2020-05-07T15:18:08Z">
      <class name="basics.Alerts">
        <test-method status="PASS" signature="accept()[pri:0, instance:basics.Alerts@2b98378d]" name="accept" is-config="true" duration-ms="15" started-at="2020-05-07T20:48:08Z" finished-at="2020-05-07T20:48:08Z">
          <reporter-output>
          </reporter-output>
        </test-method> <!-- accept -->
        <test-method status="PASS" signature="dismiss()[pri:0, instance:basics.Alerts@2b98378d]" name="dismiss" is-config="true" duration-ms="2" started-at="2020-05-07T20:48:08Z" finished-at="2020-05-07T20:48:08Z">
          <reporter-output>
          </reporter-output>
        </test-method> <!-- dismiss -->
      </class> <!-- basics.Alerts -->
    </test> <!-- component testing -->
  </suite> <!-- unit testing -->
</testng-results>
