<?xml version="1.0" encoding="UTF-8"?>
<!-- Generated by org.testng.reporters.JUnitXMLReporter -->
<testsuite hostname="DESKTOP-52MG27T" ignored="0" name="Parallel Test Scenarios" tests="4" failures="0" timestamp="11 May 2020 09:07:51 GMT" time="0.066" errors="0">
  <testcase name="testCase1" time="0.016" classname="parallelExecution.ParallelMethodsExample"/>
  <testcase name="testCase2" time="0.016" classname="parallelExecution.ParallelMethodsExample"/>
  <testcase name="testCase3" time="0.002" classname="parallelExecution.ParallelMethodsExample"/>
  <testcase name="testCase4" time="0.003" classname="parallelExecution.ParallelMethodsExample"/>
</testsuite> <!-- Parallel Test Scenarios -->
